[0.561s] Invoking command in '/media/cameron/Internal SSD 2/Projects/Unity/arm_2022_23/Ros2_Packages/src/py_pubsub': PYTHONPATH=/media/cameron/Internal SSD 2/Projects/Unity/arm_2022_23/Ros2_Packages/build/py_pubsub/prefix_override:/media/cameron/Internal SSD 2/Projects/Unity/arm_2022_23/Ros2_Packages/install/py_pubsub/lib/python3.10/site-packages:${PYTHONPATH} /usr/bin/python3 setup.py egg_info --egg-base ../../build/py_pubsub build --build-base /media/cameron/Internal SSD 2/Projects/Unity/arm_2022_23/Ros2_Packages/build/py_pubsub/build install --record /media/cameron/Internal SSD 2/Projects/Unity/arm_2022_23/Ros2_Packages/build/py_pubsub/install.log --single-version-externally-managed
[0.796s] running egg_info
[0.796s] writing ../../build/py_pubsub/py_pubsub.egg-info/PKG-INFO
[0.797s] writing dependency_links to ../../build/py_pubsub/py_pubsub.egg-info/dependency_links.txt
[0.797s] writing entry points to ../../build/py_pubsub/py_pubsub.egg-info/entry_points.txt
[0.798s] writing requirements to ../../build/py_pubsub/py_pubsub.egg-info/requires.txt
[0.798s] writing top-level names to ../../build/py_pubsub/py_pubsub.egg-info/top_level.txt
[0.801s] reading manifest file '../../build/py_pubsub/py_pubsub.egg-info/SOURCES.txt'
[0.806s] writing manifest file '../../build/py_pubsub/py_pubsub.egg-info/SOURCES.txt'
[0.806s] running build
[0.806s] running build_py
[0.810s] running install
[0.810s] /usr/lib/python3/dist-packages/setuptools/command/install.py:34: SetuptoolsDeprecationWarning: setup.py install is deprecated. Use build and pip and other standards-based tools.
[0.810s]   warnings.warn(
[0.810s] running install_lib
[0.820s] running install_data
[0.822s] running install_egg_info
[0.823s] removing '/media/cameron/Internal SSD 2/Projects/Unity/arm_2022_23/Ros2_Packages/install/py_pubsub/lib/python3.10/site-packages/py_pubsub-0.0.0-py3.10.egg-info' (and everything under it)
[0.827s] Copying ../../build/py_pubsub/py_pubsub.egg-info to /media/cameron/Internal SSD 2/Projects/Unity/arm_2022_23/Ros2_Packages/install/py_pubsub/lib/python3.10/site-packages/py_pubsub-0.0.0-py3.10.egg-info
[0.840s] running install_scripts
[0.859s] Installing listener script to /media/cameron/Internal SSD 2/Projects/Unity/arm_2022_23/Ros2_Packages/install/py_pubsub/lib/py_pubsub
[0.860s] Installing talker script to /media/cameron/Internal SSD 2/Projects/Unity/arm_2022_23/Ros2_Packages/install/py_pubsub/lib/py_pubsub
[0.861s] writing list of installed files to '/media/cameron/Internal SSD 2/Projects/Unity/arm_2022_23/Ros2_Packages/build/py_pubsub/install.log'
[0.878s] Invoked command in '/media/cameron/Internal SSD 2/Projects/Unity/arm_2022_23/Ros2_Packages/src/py_pubsub' returned '0': PYTHONPATH=/media/cameron/Internal SSD 2/Projects/Unity/arm_2022_23/Ros2_Packages/build/py_pubsub/prefix_override:/media/cameron/Internal SSD 2/Projects/Unity/arm_2022_23/Ros2_Packages/install/py_pubsub/lib/python3.10/site-packages:${PYTHONPATH} /usr/bin/python3 setup.py egg_info --egg-base ../../build/py_pubsub build --build-base /media/cameron/Internal SSD 2/Projects/Unity/arm_2022_23/Ros2_Packages/build/py_pubsub/build install --record /media/cameron/Internal SSD 2/Projects/Unity/arm_2022_23/Ros2_Packages/build/py_pubsub/install.log --single-version-externally-managed
