[1.885s] Invoking command in '/media/cameron/Internal SSD 2/Projects/Unity/arm_2022_23/Ros2_Packages/src/py_pubsub': PYTHONPATH=/media/cameron/Internal SSD 2/Projects/Unity/arm_2022_23/Ros2_Packages/build/py_pubsub/prefix_override:/media/cameron/Internal SSD 2/Projects/Unity/arm_2022_23/Ros2_Packages/install/py_pubsub/lib/python3.10/site-packages:${PYTHONPATH} /usr/bin/python3 setup.py egg_info --egg-base ../../build/py_pubsub build --build-base /media/cameron/Internal SSD 2/Projects/Unity/arm_2022_23/Ros2_Packages/build/py_pubsub/build install --record /media/cameron/Internal SSD 2/Projects/Unity/arm_2022_23/Ros2_Packages/build/py_pubsub/install.log --single-version-externally-managed
[2.594s] running egg_info
[2.596s] writing ../../build/py_pubsub/py_pubsub.egg-info/PKG-INFO
[2.598s] writing dependency_links to ../../build/py_pubsub/py_pubsub.egg-info/dependency_links.txt
[2.600s] writing entry points to ../../build/py_pubsub/py_pubsub.egg-info/entry_points.txt
[2.601s] writing requirements to ../../build/py_pubsub/py_pubsub.egg-info/requires.txt
[2.601s] writing top-level names to ../../build/py_pubsub/py_pubsub.egg-info/top_level.txt
[2.611s] reading manifest file '../../build/py_pubsub/py_pubsub.egg-info/SOURCES.txt'
[2.623s] writing manifest file '../../build/py_pubsub/py_pubsub.egg-info/SOURCES.txt'
[2.624s] running build
[2.624s] running build_py
[2.631s] copying py_pubsub/subscriber_member_function.py -> /media/cameron/Internal SSD 2/Projects/Unity/arm_2022_23/Ros2_Packages/build/py_pubsub/build/lib/py_pubsub
[2.636s] running install
[2.637s] /usr/lib/python3/dist-packages/setuptools/command/install.py:34: SetuptoolsDeprecationWarning: setup.py install is deprecated. Use build and pip and other standards-based tools.
[2.638s]   warnings.warn(
[2.638s] running install_lib
[2.651s] copying /media/cameron/Internal SSD 2/Projects/Unity/arm_2022_23/Ros2_Packages/build/py_pubsub/build/lib/py_pubsub/subscriber_member_function.py -> /media/cameron/Internal SSD 2/Projects/Unity/arm_2022_23/Ros2_Packages/install/py_pubsub/lib/python3.10/site-packages/py_pubsub
[2.665s] byte-compiling /media/cameron/Internal SSD 2/Projects/Unity/arm_2022_23/Ros2_Packages/install/py_pubsub/lib/python3.10/site-packages/py_pubsub/subscriber_member_function.py to subscriber_member_function.cpython-310.pyc
[2.674s] running install_data
[2.679s] running install_egg_info
[2.684s] removing '/media/cameron/Internal SSD 2/Projects/Unity/arm_2022_23/Ros2_Packages/install/py_pubsub/lib/python3.10/site-packages/py_pubsub-0.0.0-py3.10.egg-info' (and everything under it)
[2.691s] Copying ../../build/py_pubsub/py_pubsub.egg-info to /media/cameron/Internal SSD 2/Projects/Unity/arm_2022_23/Ros2_Packages/install/py_pubsub/lib/python3.10/site-packages/py_pubsub-0.0.0-py3.10.egg-info
[2.721s] running install_scripts
[2.782s] Installing listener script to /media/cameron/Internal SSD 2/Projects/Unity/arm_2022_23/Ros2_Packages/install/py_pubsub/lib/py_pubsub
[2.783s] Installing talker script to /media/cameron/Internal SSD 2/Projects/Unity/arm_2022_23/Ros2_Packages/install/py_pubsub/lib/py_pubsub
[2.786s] writing list of installed files to '/media/cameron/Internal SSD 2/Projects/Unity/arm_2022_23/Ros2_Packages/build/py_pubsub/install.log'
[2.833s] Invoked command in '/media/cameron/Internal SSD 2/Projects/Unity/arm_2022_23/Ros2_Packages/src/py_pubsub' returned '0': PYTHONPATH=/media/cameron/Internal SSD 2/Projects/Unity/arm_2022_23/Ros2_Packages/build/py_pubsub/prefix_override:/media/cameron/Internal SSD 2/Projects/Unity/arm_2022_23/Ros2_Packages/install/py_pubsub/lib/python3.10/site-packages:${PYTHONPATH} /usr/bin/python3 setup.py egg_info --egg-base ../../build/py_pubsub build --build-base /media/cameron/Internal SSD 2/Projects/Unity/arm_2022_23/Ros2_Packages/build/py_pubsub/build install --record /media/cameron/Internal SSD 2/Projects/Unity/arm_2022_23/Ros2_Packages/build/py_pubsub/install.log --single-version-externally-managed
