[1.365s] Invoking command in '/media/cameron/Internal SSD 2/Projects/Unity/arm_2022_23/Ros2_Packages/src/py_pubsub': PYTHONPATH=/media/cameron/Internal SSD 2/Projects/Unity/arm_2022_23/Ros2_Packages/build/py_pubsub/prefix_override:/media/cameron/Internal SSD 2/Projects/Unity/arm_2022_23/Ros2_Packages/install/py_pubsub/lib/python3.10/site-packages:${PYTHONPATH} /usr/bin/python3 setup.py egg_info --egg-base ../../build/py_pubsub build --build-base /media/cameron/Internal SSD 2/Projects/Unity/arm_2022_23/Ros2_Packages/build/py_pubsub/build install --record /media/cameron/Internal SSD 2/Projects/Unity/arm_2022_23/Ros2_Packages/build/py_pubsub/install.log --single-version-externally-managed
[2.123s] running egg_info
[2.125s] writing ../../build/py_pubsub/py_pubsub.egg-info/PKG-INFO
[2.126s] writing dependency_links to ../../build/py_pubsub/py_pubsub.egg-info/dependency_links.txt
[2.128s] writing entry points to ../../build/py_pubsub/py_pubsub.egg-info/entry_points.txt
[2.128s] writing requirements to ../../build/py_pubsub/py_pubsub.egg-info/requires.txt
[2.129s] writing top-level names to ../../build/py_pubsub/py_pubsub.egg-info/top_level.txt
[2.139s] reading manifest file '../../build/py_pubsub/py_pubsub.egg-info/SOURCES.txt'
[2.150s] writing manifest file '../../build/py_pubsub/py_pubsub.egg-info/SOURCES.txt'
[2.150s] running build
[2.150s] running build_py
[2.152s] copying py_pubsub/arm_controller.py -> /media/cameron/Internal SSD 2/Projects/Unity/arm_2022_23/Ros2_Packages/build/py_pubsub/build/lib/py_pubsub
[2.161s] running install
[2.161s] /usr/lib/python3/dist-packages/setuptools/command/install.py:34: SetuptoolsDeprecationWarning: setup.py install is deprecated. Use build and pip and other standards-based tools.
[2.162s]   warnings.warn(
[2.162s] running install_lib
[2.167s] copying /media/cameron/Internal SSD 2/Projects/Unity/arm_2022_23/Ros2_Packages/build/py_pubsub/build/lib/py_pubsub/arm_controller.py -> /media/cameron/Internal SSD 2/Projects/Unity/arm_2022_23/Ros2_Packages/install/py_pubsub/lib/python3.10/site-packages/py_pubsub
[2.182s] byte-compiling /media/cameron/Internal SSD 2/Projects/Unity/arm_2022_23/Ros2_Packages/install/py_pubsub/lib/python3.10/site-packages/py_pubsub/arm_controller.py to arm_controller.cpython-310.pyc
[2.195s] running install_data
[2.199s] running install_egg_info
[2.204s] removing '/media/cameron/Internal SSD 2/Projects/Unity/arm_2022_23/Ros2_Packages/install/py_pubsub/lib/python3.10/site-packages/py_pubsub-0.0.0-py3.10.egg-info' (and everything under it)
[2.210s] Copying ../../build/py_pubsub/py_pubsub.egg-info to /media/cameron/Internal SSD 2/Projects/Unity/arm_2022_23/Ros2_Packages/install/py_pubsub/lib/python3.10/site-packages/py_pubsub-0.0.0-py3.10.egg-info
[2.240s] running install_scripts
[2.293s] Installing listener script to /media/cameron/Internal SSD 2/Projects/Unity/arm_2022_23/Ros2_Packages/install/py_pubsub/lib/py_pubsub
[2.295s] Installing talker script to /media/cameron/Internal SSD 2/Projects/Unity/arm_2022_23/Ros2_Packages/install/py_pubsub/lib/py_pubsub
[2.297s] writing list of installed files to '/media/cameron/Internal SSD 2/Projects/Unity/arm_2022_23/Ros2_Packages/build/py_pubsub/install.log'
[2.346s] Invoked command in '/media/cameron/Internal SSD 2/Projects/Unity/arm_2022_23/Ros2_Packages/src/py_pubsub' returned '0': PYTHONPATH=/media/cameron/Internal SSD 2/Projects/Unity/arm_2022_23/Ros2_Packages/build/py_pubsub/prefix_override:/media/cameron/Internal SSD 2/Projects/Unity/arm_2022_23/Ros2_Packages/install/py_pubsub/lib/python3.10/site-packages:${PYTHONPATH} /usr/bin/python3 setup.py egg_info --egg-base ../../build/py_pubsub build --build-base /media/cameron/Internal SSD 2/Projects/Unity/arm_2022_23/Ros2_Packages/build/py_pubsub/build install --record /media/cameron/Internal SSD 2/Projects/Unity/arm_2022_23/Ros2_Packages/build/py_pubsub/install.log --single-version-externally-managed
