[0.570s] Invoking command in '/media/cameron/Internal SSD 2/Projects/Unity/arm_2022_23/Ros2_Packages/src/py_pubsub': PYTHONPATH=/media/cameron/Internal SSD 2/Projects/Unity/arm_2022_23/Ros2_Packages/build/py_pubsub/prefix_override:/media/cameron/Internal SSD 2/Projects/Unity/arm_2022_23/Ros2_Packages/install/py_pubsub/lib/python3.10/site-packages:${PYTHONPATH} /usr/bin/python3 setup.py egg_info --egg-base ../../build/py_pubsub build --build-base /media/cameron/Internal SSD 2/Projects/Unity/arm_2022_23/Ros2_Packages/build/py_pubsub/build install --record /media/cameron/Internal SSD 2/Projects/Unity/arm_2022_23/Ros2_Packages/build/py_pubsub/install.log --single-version-externally-managed
[0.765s] running egg_info
[0.765s] writing ../../build/py_pubsub/py_pubsub.egg-info/PKG-INFO
[0.766s] writing dependency_links to ../../build/py_pubsub/py_pubsub.egg-info/dependency_links.txt
[0.766s] writing entry points to ../../build/py_pubsub/py_pubsub.egg-info/entry_points.txt
[0.766s] writing requirements to ../../build/py_pubsub/py_pubsub.egg-info/requires.txt
[0.766s] writing top-level names to ../../build/py_pubsub/py_pubsub.egg-info/top_level.txt
[0.769s] reading manifest file '../../build/py_pubsub/py_pubsub.egg-info/SOURCES.txt'
[0.771s] writing manifest file '../../build/py_pubsub/py_pubsub.egg-info/SOURCES.txt'
[0.771s] running build
[0.772s] running build_py
[0.772s] copying py_pubsub/subscriber_member_function.py -> /media/cameron/Internal SSD 2/Projects/Unity/arm_2022_23/Ros2_Packages/build/py_pubsub/build/lib/py_pubsub
[0.774s] running install
[0.774s] /usr/lib/python3/dist-packages/setuptools/command/install.py:34: SetuptoolsDeprecationWarning: setup.py install is deprecated. Use build and pip and other standards-based tools.
[0.774s]   warnings.warn(
[0.774s] running install_lib
[0.776s] copying /media/cameron/Internal SSD 2/Projects/Unity/arm_2022_23/Ros2_Packages/build/py_pubsub/build/lib/py_pubsub/subscriber_member_function.py -> /media/cameron/Internal SSD 2/Projects/Unity/arm_2022_23/Ros2_Packages/install/py_pubsub/lib/python3.10/site-packages/py_pubsub
[0.779s] byte-compiling /media/cameron/Internal SSD 2/Projects/Unity/arm_2022_23/Ros2_Packages/install/py_pubsub/lib/python3.10/site-packages/py_pubsub/subscriber_member_function.py to subscriber_member_function.cpython-310.pyc
[0.781s] running install_data
[0.782s] running install_egg_info
[0.784s] removing '/media/cameron/Internal SSD 2/Projects/Unity/arm_2022_23/Ros2_Packages/install/py_pubsub/lib/python3.10/site-packages/py_pubsub-0.0.0-py3.10.egg-info' (and everything under it)
[0.785s] Copying ../../build/py_pubsub/py_pubsub.egg-info to /media/cameron/Internal SSD 2/Projects/Unity/arm_2022_23/Ros2_Packages/install/py_pubsub/lib/python3.10/site-packages/py_pubsub-0.0.0-py3.10.egg-info
[0.790s] running install_scripts
[0.810s] Installing listener script to /media/cameron/Internal SSD 2/Projects/Unity/arm_2022_23/Ros2_Packages/install/py_pubsub/lib/py_pubsub
[0.811s] Installing talker script to /media/cameron/Internal SSD 2/Projects/Unity/arm_2022_23/Ros2_Packages/install/py_pubsub/lib/py_pubsub
[0.812s] writing list of installed files to '/media/cameron/Internal SSD 2/Projects/Unity/arm_2022_23/Ros2_Packages/build/py_pubsub/install.log'
[0.850s] Invoked command in '/media/cameron/Internal SSD 2/Projects/Unity/arm_2022_23/Ros2_Packages/src/py_pubsub' returned '0': PYTHONPATH=/media/cameron/Internal SSD 2/Projects/Unity/arm_2022_23/Ros2_Packages/build/py_pubsub/prefix_override:/media/cameron/Internal SSD 2/Projects/Unity/arm_2022_23/Ros2_Packages/install/py_pubsub/lib/python3.10/site-packages:${PYTHONPATH} /usr/bin/python3 setup.py egg_info --egg-base ../../build/py_pubsub build --build-base /media/cameron/Internal SSD 2/Projects/Unity/arm_2022_23/Ros2_Packages/build/py_pubsub/build install --record /media/cameron/Internal SSD 2/Projects/Unity/arm_2022_23/Ros2_Packages/build/py_pubsub/install.log --single-version-externally-managed
